TN:
SF:/Users/heathercoraje/Documents/interview/tech-screen/carousel/src/app/components/Arc/Arc.jsx
FN:6,(anonymous_0)
FN:9,(anonymous_1)
FN:15,(anonymous_2)
FN:22,(anonymous_3)
FN:34,(anonymous_4)
FN:43,(anonymous_5)
FN:51,(anonymous_6)
FN:60,(anonymous_7)
FNF:8
FNH:7
FNDA:1,(anonymous_0)
FNDA:0,(anonymous_1)
FNDA:1,(anonymous_2)
FNDA:1,(anonymous_3)
FNDA:2,(anonymous_4)
FNDA:1,(anonymous_5)
FNDA:1,(anonymous_6)
FNDA:1,(anonymous_7)
DA:7,1
DA:10,0
DA:16,1
DA:17,1
DA:18,1
DA:19,1
DA:23,1
DA:24,1
DA:35,2
DA:36,2
DA:44,1
DA:52,1
DA:53,1
DA:61,1
LF:14
LH:13
BRF:0
BRH:0
end_of_record
TN:
SF:/Users/heathercoraje/Documents/interview/tech-screen/carousel/src/app/components/Carousel/Carousel.jsx
FN:12,(anonymous_0)
FN:15,(anonymous_1)
FN:21,(anonymous_2)
FN:25,(anonymous_3)
FN:30,(anonymous_4)
FNF:5
FNH:3
FNDA:12,(anonymous_0)
FNDA:0,(anonymous_1)
FNDA:0,(anonymous_2)
FNDA:14,(anonymous_3)
FNDA:28,(anonymous_4)
DA:13,12
DA:14,12
DA:15,12
DA:16,0
DA:22,0
DA:23,0
DA:26,14
DA:27,12
DA:28,2
DA:31,28
DA:32,28
DA:33,14
DA:39,14
LF:13
LH:10
BRDA:22,0,0,0
BRDA:22,0,1,0
BRDA:26,1,0,12
BRDA:26,1,1,2
BRDA:32,2,0,14
BRDA:32,2,1,14
BRF:6
BRH:4
end_of_record
TN:
SF:/Users/heathercoraje/Documents/interview/tech-screen/carousel/src/app/components/Dashboard/Dashboard.jsx
FN:11,(anonymous_0)
FN:14,(anonymous_1)
FN:19,(anonymous_2)
FN:25,(anonymous_3)
FN:27,(anonymous_4)
FNF:5
FNH:3
FNDA:1,(anonymous_0)
FNDA:1,(anonymous_1)
FNDA:0,(anonymous_2)
FNDA:0,(anonymous_3)
FNDA:1,(anonymous_4)
DA:12,1
DA:16,1
DA:17,1
DA:20,0
DA:25,0
DA:28,1
LF:6
LH:4
BRF:0
BRH:0
end_of_record
TN:
SF:/Users/heathercoraje/Documents/interview/tech-screen/carousel/src/app/components/DebtIndicator/DebtIndicator.jsx
FN:31,(anonymous_0)
FNF:1
FNH:1
FNDA:1,(anonymous_0)
DA:4,3
DA:16,3
DA:31,3
DA:32,1
LF:4
LH:4
BRF:0
BRH:0
end_of_record
TN:
SF:/Users/heathercoraje/Documents/interview/tech-screen/carousel/src/app/components/ScoreIndicator/ScoreIndicator.jsx
FN:30,(anonymous_0)
FNF:1
FNH:1
FNDA:1,(anonymous_0)
DA:4,3
DA:16,3
DA:30,3
DA:31,1
DA:32,1
LF:5
LH:5
BRF:0
BRH:0
end_of_record
TN:
SF:/Users/heathercoraje/Documents/interview/tech-screen/carousel/src/app/polyfills/node-fetch.js
FN:3,(anonymous_0)
FNF:1
FNH:0
FNDA:0,(anonymous_0)
DA:1,7
DA:3,7
DA:4,0
DA:7,0
DA:10,7
DA:11,7
DA:12,7
DA:13,7
DA:14,7
LF:9
LH:7
BRDA:4,0,0,0
BRDA:4,0,1,0
BRDA:10,1,0,7
BRDA:10,1,1,0
BRF:4
BRH:1
end_of_record
TN:
SF:/Users/heathercoraje/Documents/interview/tech-screen/carousel/src/app/utils/bem.js
FN:1,toClass
FN:8,(anonymous_1)
FN:10,(anonymous_2)
FN:13,(anonymous_3)
FN:16,(anonymous_4)
FNF:5
FNH:5
FNDA:36,toClass
FNDA:16,(anonymous_1)
FNDA:16,(anonymous_2)
FNDA:32,(anonymous_3)
FNDA:28,(anonymous_4)
DA:2,36
DA:3,24
DA:6,12
DA:8,16
DA:10,16
DA:13,1
DA:16,32
DA:17,28
DA:18,28
DA:19,28
DA:20,28
DA:21,28
DA:22,28
DA:23,28
DA:26,1
LF:15
LH:15
BRDA:1,0,0,0
BRDA:1,1,0,12
BRDA:2,2,0,24
BRDA:2,2,1,12
BRDA:6,3,0,4
BRDA:6,3,1,8
BRDA:10,4,0,6
BRDA:10,4,1,10
BRDA:14,5,0,16
BRDA:14,6,0,32
BRDA:14,7,0,32
BRDA:16,8,0,2
BRDA:16,9,0,4
BRDA:16,10,0,16
BRDA:18,11,0,8
BRDA:18,11,1,20
BRDA:19,12,0,12
BRDA:19,12,1,16
BRDA:19,13,0,28
BRDA:19,13,1,16
BRDA:20,14,0,4
BRDA:20,14,1,24
BRDA:20,15,0,28
BRDA:20,15,1,16
BRDA:21,16,0,12
BRDA:21,16,1,16
BRDA:22,17,0,8
BRDA:22,17,1,20
BRF:28
BRH:27
end_of_record
TN:
SF:/Users/heathercoraje/Documents/interview/tech-screen/carousel/src/app/utils/calculateSize.js
FN:3,(anonymous_0)
FNF:1
FNH:1
FNDA:12,(anonymous_0)
DA:3,2
DA:5,12
DA:6,12
DA:7,0
DA:8,0
DA:9,0
DA:10,0
DA:11,12
DA:14,2
LF:9
LH:5
BRDA:5,0,0,0
BRDA:5,0,1,12
BRDA:6,1,0,12
BRDA:6,1,1,0
BRDA:7,2,0,0
BRDA:7,2,1,0
BRDA:8,3,0,0
BRDA:8,3,1,0
BRDA:9,4,0,0
BRDA:9,4,1,0
BRF:10
BRH:2
end_of_record
TN:
SF:/Users/heathercoraje/Documents/interview/tech-screen/carousel/src/app/utils/fetch.js
FN:4,queryParams
FN:6,(anonymous_1)
FN:10,checkStatus
FN:19,(anonymous_3)
FN:28,(anonymous_4)
FN:39,(anonymous_5)
FN:48,(anonymous_6)
FN:49,(anonymous_7)
FN:54,(anonymous_8)
FN:55,(anonymous_9)
FN:57,(anonymous_10)
FN:60,(anonymous_11)
FN:61,(anonymous_12)
FNF:13
FNH:8
FNDA:1,queryParams
FNDA:88,(anonymous_1)
FNDA:6,checkStatus
FNDA:0,(anonymous_3)
FNDA:3,(anonymous_4)
FNDA:6,(anonymous_5)
FNDA:6,(anonymous_6)
FNDA:0,(anonymous_7)
FNDA:0,(anonymous_8)
FNDA:0,(anonymous_9)
FNDA:0,(anonymous_10)
FNDA:3,(anonymous_11)
FNDA:3,(anonymous_12)
DA:5,1
DA:6,88
DA:11,6
DA:12,0
DA:13,0
DA:14,0
DA:16,6
DA:19,1
DA:28,3
DA:39,1
DA:40,6
DA:42,6
DA:43,1
DA:46,6
DA:48,6
DA:50,0
DA:54,1
DA:55,0
DA:57,1
DA:58,0
DA:60,1
DA:61,3
LF:22
LH:16
BRDA:11,0,0,0
BRDA:11,0,1,6
BRDA:11,1,0,6
BRDA:11,1,1,6
BRDA:25,2,0,0
BRDA:25,2,1,0
BRDA:39,3,0,2
BRDA:40,4,0,1
BRDA:40,4,1,5
BRDA:42,5,0,1
BRDA:42,5,1,5
BRDA:43,6,0,1
BRDA:43,6,1,0
BRF:13
BRH:9
end_of_record
TN:
SF:/Users/heathercoraje/Documents/interview/tech-screen/carousel/src/app/utils/index.js
FN:9,(anonymous_0)
FNF:1
FNH:1
FNDA:1,(anonymous_0)
DA:3,1
DA:5,1
DA:7,1
DA:9,1
DA:10,1
DA:11,0
DA:12,0
DA:14,1
DA:17,1
LF:9
LH:7
BRDA:3,0,0,1
BRDA:3,0,1,1
BRDA:7,1,0,1
BRDA:7,1,1,1
BRDA:7,1,2,0
BRDA:10,2,0,0
BRDA:10,2,1,1
BRF:7
BRH:5
end_of_record
TN:
SF:/Users/heathercoraje/Documents/interview/tech-screen/carousel/src/config/environment.js
FN:6,(anonymous_0)
FNF:1
FNH:1
FNDA:1,(anonymous_0)
DA:1,1
DA:3,1
DA:4,1
DA:6,1
DA:8,1
DA:10,0
DA:13,1
DA:15,1
DA:19,1
DA:20,1
DA:21,1
DA:23,1
DA:25,1
DA:37,1
DA:38,1
DA:39,1
DA:42,1
LF:17
LH:16
BRDA:8,0,0,0
BRDA:8,0,1,1
BRDA:10,1,0,0
BRDA:10,1,1,0
BRDA:13,2,0,1
BRDA:13,2,1,0
BRDA:19,3,0,0
BRDA:19,3,1,1
BRDA:20,4,0,0
BRDA:20,4,1,1
BRDA:21,5,0,1
BRDA:21,5,1,0
BRDA:23,6,0,1
BRDA:23,6,1,0
BRDA:37,7,0,1
BRDA:37,7,1,0
BRF:16
BRH:7
end_of_record
